<?xml version="1.0" encoding="UTF-8"?>
<!-- Generated by org.testng.reporters.JUnitReportReporter -->
<testsuite hostname="DESKTOP-FT347P2" failures="0" tests="1" name="_LabCorpPOC.BaseTest" time="3.249" errors="0" timestamp="2024-11-22T05:45:59 IST" skipped="0">
  <testcase classname="_LabCorpPOC.BaseTest" name="testing" time="3.249"/>
</testsuite> <!-- _LabCorpPOC.BaseTest -->
